<?xml version="1.0" encoding="UTF-8"?>
<!-- Generated by org.testng.reporters.JUnitReportReporter -->
<testsuite hostname="SEIODC741" failures="0" tests="3" name="com.hrm.qa.testcases.HomePageTest" time="54.641" errors="0" timestamp="2020-04-17T16:57:18 IST" skipped="0">
  <testcase classname="com.hrm.qa.testcases.HomePageTest" name="VerifyLoggedInUserTest" time="18.039"/>
  <system-out/>
  <testcase classname="com.hrm.qa.testcases.HomePageTest" name="VerifyHomePageTitleTest" time="16.774"/>
  <system-out/>
  <testcase classname="com.hrm.qa.testcases.HomePageTest" name="clickOnTimeLinkTest" time="19.828"/>
  <system-out/>
</testsuite> <!-- com.hrm.qa.testcases.HomePageTest -->
