<?xml version="1.0" encoding="UTF-8"?>
<!-- Generated by org.testng.reporters.JUnitReportReporter -->
<testsuite hostname="SEIODC741" failures="0" tests="1" name="com.hrm.qa.utils.TestUtil" time="0.013" errors="0" timestamp="2020-04-17T19:29:09 IST" skipped="0">
  <testcase classname="com.hrm.qa.utils.TestUtil" name="test" time="0.013"/>
  <system-out/>
</testsuite> <!-- com.hrm.qa.utils.TestUtil -->
