<?xml version="1.0" encoding="UTF-8"?>
<!-- Generated by org.testng.reporters.JUnitReportReporter -->
<testsuite hostname="SEIODC741" failures="0" tests="3" name="com.hrm.qa.testcases.LoginPageTest" time="43.699" errors="0" timestamp="2020-04-17T20:35:23 IST" skipped="0">
  <testcase classname="com.hrm.qa.testcases.LoginPageTest" name="validateLoginPageTitleTest" time="13.189"/>
  <system-out/>
  <testcase classname="com.hrm.qa.testcases.LoginPageTest" name="ValidateHRMLogoTest" time="13.537"/>
  <system-out/>
  <testcase classname="com.hrm.qa.testcases.LoginPageTest" name="loginTest" time="16.973"/>
  <system-out/>
</testsuite> <!-- com.hrm.qa.testcases.LoginPageTest -->
